Date: 18-08-2025

11:15 AM – Introduction with HR

HR shared internship policies, communication channels, and general guidelines.

2:00 PM – Introduction Meeting with Aneesh

Overview of internship & training flow.

3:30 PM – Detailed Introduction with Ramesh

Discussed program structure and expectations.

Shared learning materials for self-awareness and study.

Open source community ?
What is the internet ?
Server/Virtual servers
HTTP/HTTPS ?
HTTP Status codes ?
APIs ?
What is GIT?
GIT commands ?
CI/CD ?
Effective use of GIT ?


End of Session

Received Training Log Sheet by email for maintaining daily logs.
