"Learning Topics covered
Browser analysis
Inspect - Tabs
GET & POST request
PUT, DELETE, HEAD, PATCH, OPTIONS
Inspect AJAX-loaded URLs
Client-side JavaScript execution
Request and response headers
Cookie, session
User-agent
API identification and data scraping
Sitemaps - usage, possibilities, limitations"
"Learning Topics
Advanced Python
Function
Class
Object
OOP concepts
self argument
Constructor, destructor
File operations
Positional arguments(args), Keyword arguments(kwargs)
Generators
return, yield
try, except
String formatting
Module importing
Python memory reference
List comprehension
Exceptions and errors
Code readability, optimization, reliability
Python standards - PEP8
Best practice coding"